Compiling the C compiler identification source file "CMakeCCompilerId.c" failed.
Compiler: /usr/local/eosio.cdt/bin/eosio-cc 
Build flags: ;-O3;
Id flags:  

The output was:
255
/usr/local/eosio.cdt/bin/wasm-ld: error: cannot open /tmp/CMakeCCompilerId.c.o: No such file or directory


Compiling the CXX compiler identification source file "CMakeCXXCompilerId.cpp" failed.
Compiler: /usr/local/eosio.cdt/bin/eosio-cpp 
Build flags: ;-O3;
Id flags:  

The output was:
255
/usr/local/eosio.cdt/bin/wasm-ld: error: duplicate symbol: main(int, char**)
>>> defined in /tmp/CMakeCXXCompilerId.cpp.o
>>> defined in /tmp/CMakeCXXCompilerId.cpp.o

/usr/local/eosio.cdt/bin/wasm-ld: error: duplicate symbol: info_platform
>>> defined in /tmp/CMakeCXXCompilerId.cpp.o
>>> defined in /tmp/CMakeCXXCompilerId.cpp.o

/usr/local/eosio.cdt/bin/wasm-ld: error: duplicate symbol: info_compiler
>>> defined in /tmp/CMakeCXXCompilerId.cpp.o
>>> defined in /tmp/CMakeCXXCompilerId.cpp.o

/usr/local/eosio.cdt/bin/wasm-ld: error: duplicate symbol: info_language_dialect_default
>>> defined in /tmp/CMakeCXXCompilerId.cpp.o
>>> defined in /tmp/CMakeCXXCompilerId.cpp.o

/usr/local/eosio.cdt/bin/wasm-ld: error: duplicate symbol: info_arch
>>> defined in /tmp/CMakeCXXCompilerId.cpp.o
>>> defined in /tmp/CMakeCXXCompilerId.cpp.o


Detecting C compiler ABI info failed to compile with the following output:
Change Dir: /wax/build/multi_index_example/CMakeFiles/CMakeTmp

Run Build Command:"/usr/bin/make" "cmTC_a6069/fast"
make[3]: Entering directory '/wax/build/multi_index_example/CMakeFiles/CMakeTmp'
/usr/bin/make -f CMakeFiles/cmTC_a6069.dir/build.make CMakeFiles/cmTC_a6069.dir/build
make[4]: Entering directory '/wax/build/multi_index_example/CMakeFiles/CMakeTmp'
Building C object CMakeFiles/cmTC_a6069.dir/CMakeCCompilerABI.c.obj
/usr/local/eosio.cdt/bin/eosio-cc    -o CMakeFiles/cmTC_a6069.dir/CMakeCCompilerABI.c.obj   -c /usr/share/cmake-3.10/Modules/CMakeCCompilerABI.c
Linking C executable cmTC_a6069.wasm
/usr/bin/cmake -E cmake_link_script CMakeFiles/cmTC_a6069.dir/link.txt --verbose=1
/usr/local/eosio.cdt/bin/eosio-ld  -v CMakeFiles/cmTC_a6069.dir/CMakeCCompilerABI.c.obj -o cmTC_a6069.wasm 
eosio-ld: Unknown command line argument '-v'.  Try: '/usr/local/eosio.cdt/bin/eosio-ld -help'
eosio-ld: Did you mean '-L'?
CMakeFiles/cmTC_a6069.dir/build.make:97: recipe for target 'cmTC_a6069.wasm' failed
make[4]: *** [cmTC_a6069.wasm] Error 1
make[4]: Leaving directory '/wax/build/multi_index_example/CMakeFiles/CMakeTmp'
Makefile:126: recipe for target 'cmTC_a6069/fast' failed
make[3]: *** [cmTC_a6069/fast] Error 2
make[3]: Leaving directory '/wax/build/multi_index_example/CMakeFiles/CMakeTmp'



Detecting C [-std=c11] compiler features failed to compile with the following output:
Change Dir: /wax/build/multi_index_example/CMakeFiles/CMakeTmp

Run Build Command:"/usr/bin/make" "cmTC_646ba/fast"
make[3]: Entering directory '/wax/build/multi_index_example/CMakeFiles/CMakeTmp'
/usr/bin/make -f CMakeFiles/cmTC_646ba.dir/build.make CMakeFiles/cmTC_646ba.dir/build
make[4]: Entering directory '/wax/build/multi_index_example/CMakeFiles/CMakeTmp'
Building C object CMakeFiles/cmTC_646ba.dir/feature_tests.c.obj
/usr/local/eosio.cdt/bin/eosio-cc   -std=c11 -o CMakeFiles/cmTC_646ba.dir/feature_tests.c.obj   -c /wax/build/multi_index_example/CMakeFiles/feature_tests.c
eosio-cc: Unknown command line argument '-std=c11'.  Try: '/usr/local/eosio.cdt/bin/eosio-cc -help'
eosio-cc: Did you mean '-w=c11'?
CMakeFiles/cmTC_646ba.dir/build.make:65: recipe for target 'CMakeFiles/cmTC_646ba.dir/feature_tests.c.obj' failed
make[4]: *** [CMakeFiles/cmTC_646ba.dir/feature_tests.c.obj] Error 1
make[4]: Leaving directory '/wax/build/multi_index_example/CMakeFiles/CMakeTmp'
Makefile:126: recipe for target 'cmTC_646ba/fast' failed
make[3]: *** [cmTC_646ba/fast] Error 2
make[3]: Leaving directory '/wax/build/multi_index_example/CMakeFiles/CMakeTmp'



Detecting CXX compiler ABI info failed to compile with the following output:
Change Dir: /wax/build/multi_index_example/CMakeFiles/CMakeTmp

Run Build Command:"/usr/bin/make" "cmTC_48cf7/fast"
make[3]: Entering directory '/wax/build/multi_index_example/CMakeFiles/CMakeTmp'
/usr/bin/make -f CMakeFiles/cmTC_48cf7.dir/build.make CMakeFiles/cmTC_48cf7.dir/build
make[4]: Entering directory '/wax/build/multi_index_example/CMakeFiles/CMakeTmp'
Building CXX object CMakeFiles/cmTC_48cf7.dir/CMakeCXXCompilerABI.cpp.obj
/usr/local/eosio.cdt/bin/eosio-cpp     -o CMakeFiles/cmTC_48cf7.dir/CMakeCXXCompilerABI.cpp.obj -c /usr/share/cmake-3.10/Modules/CMakeCXXCompilerABI.cpp
Linking CXX executable cmTC_48cf7.wasm
/usr/bin/cmake -E cmake_link_script CMakeFiles/cmTC_48cf7.dir/link.txt --verbose=1
/usr/local/eosio.cdt/bin/eosio-ld  -v CMakeFiles/cmTC_48cf7.dir/CMakeCXXCompilerABI.cpp.obj -o cmTC_48cf7.wasm 
eosio-ld: Unknown command line argument '-v'.  Try: '/usr/local/eosio.cdt/bin/eosio-ld -help'
eosio-ld: Did you mean '-L'?
CMakeFiles/cmTC_48cf7.dir/build.make:97: recipe for target 'cmTC_48cf7.wasm' failed
make[4]: *** [cmTC_48cf7.wasm] Error 1
make[4]: Leaving directory '/wax/build/multi_index_example/CMakeFiles/CMakeTmp'
Makefile:126: recipe for target 'cmTC_48cf7/fast' failed
make[3]: *** [cmTC_48cf7/fast] Error 2
make[3]: Leaving directory '/wax/build/multi_index_example/CMakeFiles/CMakeTmp'



Detecting CXX [-std=c++1z] compiler features failed to compile with the following output:
Change Dir: /wax/build/multi_index_example/CMakeFiles/CMakeTmp

Run Build Command:"/usr/bin/make" "cmTC_8fff5/fast"
make[3]: Entering directory '/wax/build/multi_index_example/CMakeFiles/CMakeTmp'
/usr/bin/make -f CMakeFiles/cmTC_8fff5.dir/build.make CMakeFiles/cmTC_8fff5.dir/build
make[4]: Entering directory '/wax/build/multi_index_example/CMakeFiles/CMakeTmp'
Building CXX object CMakeFiles/cmTC_8fff5.dir/feature_tests.cxx.obj
/usr/local/eosio.cdt/bin/eosio-cpp    -std=c++1z -o CMakeFiles/cmTC_8fff5.dir/feature_tests.cxx.obj -c /wax/build/multi_index_example/CMakeFiles/feature_tests.cxx
Linking CXX executable cmTC_8fff5.wasm
/usr/bin/cmake -E cmake_link_script CMakeFiles/cmTC_8fff5.dir/link.txt --verbose=1
/usr/local/eosio.cdt/bin/eosio-ld   CMakeFiles/cmTC_8fff5.dir/feature_tests.cxx.obj -o cmTC_8fff5.wasm 
/usr/local/eosio.cdt/bin/wasm-ld: error: fatal failure: contract with no actions and trying to create dispatcher
CMakeFiles/cmTC_8fff5.dir/build.make:97: recipe for target 'cmTC_8fff5.wasm' failed
make[4]: *** [cmTC_8fff5.wasm] Error 255
make[4]: Leaving directory '/wax/build/multi_index_example/CMakeFiles/CMakeTmp'
Makefile:126: recipe for target 'cmTC_8fff5/fast' failed
make[3]: *** [cmTC_8fff5/fast] Error 2
make[3]: Leaving directory '/wax/build/multi_index_example/CMakeFiles/CMakeTmp'



